np0 info it worked if it ends with ok
1 verbose cli [ 'C:\\Program Files\\nodejs\\node.exe',
1 verbose cli   'C:\\Program Files\\nodejs\\node_modules\\npm\\bin\\npm-cli.js',
1 verbose cli   'start' ]
2 info using npm@3.10.10
3 info using node@v6.11.1
4 verbose run-script [ 'prestart', 'start', 'poststart' ]
5 info lifecycle angular-electron@3.3.0~prestart: angular-electron@3.3.0
6 silly lifecycle angular-electron@3.3.0~prestart: no script for prestart, continuing
7 info lifecycle angular-electron@3.3.0~start: angular-electron@3.3.0
8 verbose lifecycle angular-electron@3.3.0~start: unsafe-perm in lifecycle true
9 verbose lifecycle angular-electron@3.3.0~start: PATH: C:\Program Files\nodejs\node_modules\npm\bin\node-gyp-bin;C:\Users\shaha\Desktop\Vaca\VACA\angular-electron\node_modules\.bin;C:\FFMPEG\ffmpeg\bin;C:\Python27\;C:\Python27\Scripts;C:\Windows\system32;C:\Windows;C:\Windows\System32\Wbem;C:\Windows\System32\WindowsPowerShell\v1.0\;C:\Program Files\nodejs\;C:\Program Files\Git\cmd;C:\Python27;C:\Python27\Lib;C:\Python27\DLLs;C:\Python27\Lib\lib-tk;;C:\Users\shaha\AppData\Local\Microsoft\WindowsApps;C:\Users\shaha\AppData\Roaming\npm;C:\Users\shaha\AppData\Roaming\Dashlane\4.6.6.23032\bin\Firefox_Extension\{442718d9-475e-452a-b3e1-fb1ee16b8e9f}\components;C:\Users\shaha\AppData\Roaming\Dashlane\4.6.8.26847\bin\Firefox_Extension\{442718d9-475e-452a-b3e1-fb1ee16b8e9f}\components;C:\Program Files (x86)\Microsoft VS Code\bin;C:\Users\shaha\AppData\Local\GitHubDesktop\bin;C:\adb;C:\Android;C:\Program Files\PuTTY\;C:\Program Files (x86)\NVIDIA Corporation\PhysX\Common;C:\Users\shaha\PycharmProjects\School\cmd_python;C:\Users\shaha\AppData\Local\Google\Cloud SDK\google-cloud-sdk\bin;C:\curl;C:\Program Files\dotnet\;%SystemRoot%\system32;%SystemRoot%;%SystemRoot%\System32\Wbem;%SYSTEMROOT%\System32\WindowsPowerShell\v1.0\;C:\Users\shaha\AppData\Local\Microsoft\WindowsApps;C:\Users\shaha\AppData\Roaming\npm;C:\Users\shaha\AppData\Roaming\Dashlane\4.6.6.23032\bin\Firefox_Extension\{442718d9-475e-452a-b3e1-fb1ee16b8e9f}\components;C:\Users\shaha\AppData\Roaming\Dashlane\4.6.8.26847\bin\Firefox_Extension\{442718d9-475e-452a-b3e1-fb1ee16b8e9f}\components;C:\Users\shaha\AppData\Local\GitHubDesktop\bin;C:\Users\shaha\PycharmProjects\School\cmd_python;C:\Users\shaha\AppData\Local\Google\Cloud SDK\google-cloud-sdk\bin;C:\curl;C:\FFMPEG\ffmpeg\bin;;%USERPROFILE%\AppData\Local\Microsoft\WindowsApps
10 verbose lifecycle angular-electron@3.3.0~start: CWD: C:\Users\shaha\Desktop\Vaca\VACA\angular-electron
11 silly lifecycle angular-electron@3.3.0~start: Args: [ '/d /s /c',
11 silly lifecycle   'node hooks/environments/set_profile.js && npm-run-all -p ng:serve electron:serve' ]
12 silly lifecycle angular-electron@3.3.0~start: Returned: code: 1  signal: null
13 info lifecycle angular-electron@3.3.0~start: Failed to exec start script
14 verbose stack Error: angular-electron@3.3.0 start: `node hooks/environments/set_profile.js && npm-run-all -p ng:serve electron:serve`
14 verbose stack Exit status 1
14 verbose stack     at EventEmitter.<anonymous> (C:\Program Files\nodejs\node_modules\npm\lib\utils\lifecycle.js:255:16)
14 verbose stack     at emitTwo (events.js:106:13)
14 verbose stack     at EventEmitter.emit (events.js:191:7)
14 verbose stack     at ChildProcess.<anonymous> (C:\Program Files\nodejs\node_modules\npm\lib\utils\spawn.js:40:14)
14 verbose stack     at emitTwo (events.js:106:13)
14 verbose stack     at ChildProcess.emit (events.js:191:7)
14 verbose stack     at maybeClose (internal/child_process.js:891:16)
14 verbose stack     at Process.ChildProcess._handle.onexit (internal/child_process.js:226:5)
15 verbose pkgid angular-electron@3.3.0
16 verbose cwd C:\Users\shaha\Desktop\Vaca\VACA\angular-electron
17 error Windows_NT 10.0.16299
18 error argv "C:\\Program Files\\nodejs\\node.exe" "C:\\Program Files\\nodejs\\node_modules\\npm\\bin\\npm-cli.js" "start"
19 error node v6.11.1
20 error npm  v3.10.10
21 error code ELIFECYCLE
22 error angular-electron@3.3.0 start: `node hooks/environments/set_profile.js && npm-run-all -p ng:serve electron:serve`
22 error Exit status 1
23 error Failed at the angular-electron@3.3.0 start script 'node hooks/environments/set_profile.js && npm-run-all -p ng:serve electron:serve'.
23 error Make sure you have the latest version of node.js and npm installed.
23 error If you do, this is most likely a problem with the angular-electron package,
23 error not with npm itself.
23 error Tell the author that this fails on your system:
23 error     node hooks/environments/set_profile.js && npm-run-all -p ng:serve electron:serve
23 error You can get information on how to open an issue for this project with:
23 error     npm bugs angular-electron
23 error Or if that isn't available, you can get their info via:
23 error     npm owner ls angular-electron
23 error There is likely additional logging output above.
24 verbose exit [ 1, true ]
